test starting..
test done!
ws connected:  {
  query: 'EventLog',
  addresses: [ '0x459cb2d3baf7e61cfbd5fe362f289ae92b2babb0' ]
}
0.00226701
0.00228347
0.00226701
0.00228347
0.00226701
0.00228347
0.00226701
0.00228347
0.00226701
0.00228347
0.00226701
0.00228347
0.00226701
0.00228347
0.00226701
0.00228347
0.00226701
0.00228347
0.00226701
0.00228347
0.00226701
0.00228347
0.00226701
0.00228347
0.00226701
0.00228347
0.00226701
0.00228347
0.00226701
0.00228347
0.00226701
0.00228347
0.00226701
0.00228347
0.00226701
0.00228347
0.00226701
0.00228347
0.00226701
0.00228347
0.00226701
0.00228347
0.00226701
0.00228347
0.00226701
0.00228347
0.00226701
0.00228347
0.00226701
0.00228347
0.00226701
0.00228347
0.00226701
0.00228347
0.00226701
0.00228347
0.00226701
0.00228347
0.00226701
0.00228347
0.00226701
0.00228347
0.00226701
0.00228347
0.00226701
0.00228347
0.00226701
0.00228347
0.00226701
0.00228347
0.00226701
0.00228347
0.00226701
0.00228347
0.00226701
0.00228347
0.00226701
0.00228347
0.00226701
0.00228347
0.00226701
0.00228347
0.00226701
0.00228347
0.00226701
0.00228347
0.00226701
0.00228347
0.00226701
0.00228347
0.00226701
0.00228347
0.00226701
0.00228347
0.00226701
0.00228347
0.00226701
0.00228347
0.00226701
0.00228347
0.00226701
0.00228347
0.00226701
0.00228347
0.00226701
0.00228347
0.00226701
0.00228347
0.00226701
0.00228347
0.00226701
0.00228347
0.00226701
0.00228347
0.00226701
0.00228347
0.00226701
0.00228347
0.00226701
0.00228347
0.00226701
0.00228347
0.00226701
0.00228347
0.00226701
0.00228347
0.00226701
0.00228347
0.00226701
0.00228347
0.00226701
0.00228347
0.00226701
0.00228347
0.00226701
0.00228347
0.00226701
0.00228347
0.00226701
0.00228347
0.00226701
0.00228347
0.00226701
0.00228347
0.00226701
0.00228347
0.00226701
0.00228347
0.00226701
0.00228347
0.00226701
0.00228347
0.00226701
0.00228347
0.00226701
0.00228347
0.00226701
0.00228347
0.00226701
0.00228347
0.00226701
0.00228347
0.00226701
0.00228347
0.00226701
0.00228347
0.00226701
0.00228347
0.00226701
0.00228347
0.00226701
0.00228347
0.00226701
0.00228347
0.00226701
0.00228347
0.00226701
0.00228347
0.00226701
0.00228347
0.00226701
0.00228347
0.00226701
0.00228347
0.00226701
0.00228347
0.00226701
0.00228347
0.00226701
0.00228347
0.00226701
0.00228347
0.00226701
0.00228347
0.00226701
0.00228347
0.00226701
0.00228347
0.00226701
0.00228347
0.00226701
0.00228347
0.00226701
0.00228347
0.00226701
0.00228347
0.00226701
0.00228347
0.00226701
0.00228347
0.00226701
0.00228347
0.00226701
0.00228347
0.00226701
0.00228347
0.00226701
0.00228347
0.00226701
0.00228347
0.00226701
0.00228347
0.00226701
0.00228347
0.00226701
0.00228347
0.00226701
0.00228347
0.00226701
0.00228347
0.00226701
0.00228347
0.00226701
0.00228347
0.00226701
0.00228347
0.00226701
0.00228347
0.00226701
0.00228347
0.00226701
0.00228347
0.00226701
0.00228347
0.00226701
0.00228347
0.00226701
0.00228347
0.00226701
0.00228347
0.00226701
0.00228347
0.00226701
0.00228347
0.00226701
0.00228347
0.00226701
0.00228347
0.00226701
0.00228347
0.00226701
0.00228347
0.00226701
0.00228347
0.00226701
0.00228347
0.00226701
0.00228347
0.00226701
0.00228347
0.00226701
0.00228347
0.00226701
0.00228347
0.00226701
0.00228347
0.00226701
0.00228347
0.00226701
0.00228347
0.00226701
0.00228347
0.00226701
0.00228347
0.00226701
0.00228347
0.00226701
0.00228347
0.00226701
0.00228347
0.00226701
0.00228347
0.00226701
0.00228347
0.00226701
0.00228347
0.00226701
0.00228347
0.00226701
0.00228347
0.00226701
0.00228347
0.00226701
0.00228347
0.00226701
0.00228347
0.00226701
0.00228347
test starting..
test done!
ws connected:  {
  query: 'EventLog',
  addresses: [ '0x459cb2d3baf7e61cfbd5fe362f289ae92b2babb0' ]
}
0.00226701
0.00228347
0.00226701
0.00228347
0.00226701
0.00228347
0.00226701
0.00228347
0.00226701
0.00228347
0.00226701
0.00228347
0.00226701
0.00228347
0.00226701
0.00228347
0.00226701
0.00228347
0.00226701
0.00228347
0.00226701
0.00228347
0.00226701
0.00228347
0.00226701
0.00228347
0.00226701
0.00228347
0.00226701
0.00228347
0.00226701
0.00228347
0.00226701
0.00228347
0.00226701
0.00228347
0.00226701
0.00228347
